SF:/Users/vanlooverenkoen/work/flutter_belgium/flutter_belgium_data/lib/src/flutter_belgium_tools.dart
DA:6,14
DA:8,1
DA:12,1
LF:3
LH:3
end_of_record
SF:/Users/vanlooverenkoen/work/flutter_belgium/flutter_belgium_data/lib/src/made_in_flutter_belgium/downloader/made_in_downloader.dart
DA:7,2
DA:11,1
DA:14,2
DA:15,2
DA:16,2
DA:18,1
DA:22,2
DA:23,4
DA:24,4
DA:27,1
DA:29,3
DA:30,2
DA:31,3
DA:32,2
DA:34,2
DA:38,3
DA:40,2
DA:41,2
DA:42,2
DA:43,3
DA:44,1
DA:45,1
DA:46,2
DA:47,1
DA:48,1
DA:49,1
DA:50,3
DA:52,3
DA:55,3
DA:57,2
DA:58,3
DA:63,2
DA:64,2
DA:65,2
DA:66,3
DA:67,1
DA:68,1
DA:69,2
DA:70,1
DA:71,1
DA:73,3
DA:78,2
DA:79,2
DA:80,2
DA:81,3
DA:82,1
DA:83,1
DA:84,1
DA:85,2
LF:49
LH:49
end_of_record
SF:/Users/vanlooverenkoen/work/flutter_belgium/flutter_belgium_data/lib/src/flutter_belgium_data.dart
DA:9,1
DA:11,1
DA:15,1
DA:17,3
DA:19,1
DA:20,2
DA:22,1
DA:23,2
LF:8
LH:8
end_of_record
SF:/Users/vanlooverenkoen/work/flutter_belgium/flutter_belgium_data/lib/src/made_in_flutter_belgium/models/made_in_app.dart
DA:6,1
DA:7,3
DA:8,3
DA:9,3
DA:15,2
DA:43,2
DA:44,4
DA:45,2
DA:46,2
DA:48,5
DA:49,4
DA:50,2
DA:51,2
DA:52,2
DA:53,2
DA:54,2
DA:55,1
DA:56,2
DA:58,4
DA:59,2
DA:60,2
DA:61,2
DA:62,1
DA:63,4
DA:64,4
DA:65,4
DA:66,2
DA:67,4
DA:68,4
DA:69,2
DA:73,1
DA:76,1
DA:77,3
DA:78,3
DA:79,3
DA:80,3
DA:81,3
DA:82,3
DA:83,3
DA:84,3
DA:85,3
DA:86,3
DA:87,3
DA:88,3
DA:90,1
DA:91,1
DA:92,1
DA:93,1
DA:94,1
DA:95,1
DA:96,1
DA:97,1
DA:98,1
DA:99,1
DA:100,1
DA:101,2
DA:102,2
DA:103,2
LF:58
LH:58
end_of_record
SF:/Users/vanlooverenkoen/work/flutter_belgium/flutter_belgium_data/lib/src/made_in_flutter_belgium/models/made_in_company.dart
DA:6,1
DA:7,3
DA:8,3
DA:9,3
DA:15,2
DA:37,2
DA:38,4
DA:39,2
DA:40,3
DA:41,2
DA:42,2
DA:43,2
DA:45,2
DA:46,2
DA:47,1
DA:48,2
DA:49,4
DA:50,2
DA:51,2
DA:52,4
DA:53,2
DA:54,2
DA:55,4
DA:56,4
DA:57,2
DA:61,1
DA:64,1
DA:65,3
DA:66,3
DA:67,3
DA:68,3
DA:69,3
DA:70,3
DA:71,3
DA:72,3
DA:73,3
DA:75,1
DA:76,1
DA:77,1
DA:78,1
DA:79,1
DA:80,1
DA:81,1
DA:82,1
DA:83,2
DA:84,2
DA:85,2
LF:47
LH:47
end_of_record
SF:/Users/vanlooverenkoen/work/flutter_belgium/flutter_belgium_data/lib/src/made_in_flutter_belgium/models/made_in_developer.dart
DA:5,1
DA:6,3
DA:7,3
DA:8,3
DA:14,2
DA:30,2
DA:31,4
DA:32,2
DA:33,3
DA:34,2
DA:35,2
DA:36,2
DA:37,2
DA:38,2
DA:39,1
DA:40,4
DA:41,4
DA:42,2
DA:46,1
DA:49,1
DA:50,3
DA:51,3
DA:52,3
DA:53,3
DA:54,3
DA:55,3
DA:57,1
DA:58,1
DA:59,1
DA:60,1
DA:61,1
DA:62,1
DA:63,1
DA:64,2
LF:34
LH:34
end_of_record
SF:/Users/vanlooverenkoen/work/flutter_belgium/flutter_belgium_data/lib/src/made_in_flutter_belgium/repository/http_made_in_flutter_belgium_repository.dart
DA:13,2
DA:14,2
DA:18,1
DA:19,3
DA:20,4
DA:21,4
DA:23,2
DA:26,3
DA:28,1
DA:31,1
DA:33,3
DA:34,1
DA:35,3
DA:38,1
DA:39,1
DA:40,2
DA:42,1
DA:45,1
DA:48,1
DA:50,3
DA:51,1
DA:52,3
DA:55,1
DA:56,1
DA:57,2
DA:59,1
DA:62,1
DA:65,1
DA:67,3
DA:68,1
DA:69,3
DA:72,1
DA:73,1
DA:74,2
DA:76,1
LF:35
LH:35
end_of_record
SF:/Users/vanlooverenkoen/work/flutter_belgium/flutter_belgium_data/lib/src/made_in_flutter_belgium/models/made_in_app_links.dart
DA:2,3
DA:20,2
DA:23,1
DA:24,3
DA:25,3
DA:26,3
DA:27,3
DA:28,3
DA:29,3
DA:30,3
DA:32,2
DA:33,2
DA:34,2
DA:35,2
DA:36,2
DA:37,2
DA:38,2
DA:39,2
DA:40,2
DA:43,6
DA:44,3
DA:45,3
DA:46,3
DA:47,3
DA:48,3
DA:49,3
DA:50,3
LF:27
LH:27
end_of_record
SF:/Users/vanlooverenkoen/work/flutter_belgium/flutter_belgium_data/lib/src/made_in_flutter_belgium/models/made_in_company_ref.dart
DA:4,2
DA:14,2
DA:15,2
DA:16,2
DA:17,4
DA:19,2
DA:22,1
DA:25,1
DA:26,3
DA:27,3
DA:28,3
DA:30,1
DA:31,4
LF:13
LH:13
end_of_record
SF:/Users/vanlooverenkoen/work/flutter_belgium/flutter_belgium_data/lib/src/made_in_flutter_belgium/models/made_in_developer_ref.dart
DA:4,3
DA:12,2
DA:13,2
DA:14,2
DA:16,4
DA:19,2
DA:22,2
DA:23,6
DA:24,3
DA:26,2
DA:27,6
LF:11
LH:11
end_of_record
SF:/Users/vanlooverenkoen/work/flutter_belgium/flutter_belgium_data/lib/src/made_in_flutter_belgium/util/made_in_utils.dart
DA:2,8
DA:6,8
DA:7,14
DA:8,14
DA:10,8
DA:11,20
DA:12,5
DA:17,1
DA:19,1
DA:20,2
DA:21,2
LF:11
LH:11
end_of_record
SF:/Users/vanlooverenkoen/work/flutter_belgium/flutter_belgium_data/lib/src/made_in_flutter_belgium/models/made_in_app_ref.dart
DA:4,3
DA:12,6
DA:13,3
DA:14,6
DA:17,2
DA:20,2
DA:21,6
DA:22,3
DA:24,2
DA:25,6
LF:10
LH:10
end_of_record
SF:/Users/vanlooverenkoen/work/flutter_belgium/flutter_belgium_data/lib/src/made_in_flutter_belgium/models/made_in_company_links.dart
DA:2,2
DA:10,1
DA:13,1
DA:14,3
DA:15,3
DA:17,1
DA:18,3
DA:20,2
DA:21,2
DA:22,2
DA:23,2
LF:11
LH:11
end_of_record
SF:/Users/vanlooverenkoen/work/flutter_belgium/flutter_belgium_data/lib/src/made_in_flutter_belgium/models/made_in_developer_links.dart
DA:2,2
DA:12,1
DA:15,1
DA:16,3
DA:17,3
DA:18,3
DA:20,1
DA:21,4
DA:23,2
DA:24,2
DA:25,2
DA:26,2
DA:27,2
LF:13
LH:13
end_of_record
